<?xml version="1.0" encoding="UTF-8"?>
<!-- Generated by org.testng.reporters.JUnitReportReporter -->
<testsuite hostname="LAPTOP-06DBEO4I" failures="0" tests="3" name="TestCases.testAPI" time="5.275" errors="0" timestamp="13 Oct 2021 18:56:55 GMT" skipped="0">
  <testcase classname="TestCases.testAPI" name="testCreatesBooking" time="0.705"/>
  <testcase classname="TestCases.testAPI" name="testCreatesBooking" time="0.679"/>
  <testcase classname="TestCases.testAPI" name="testCreatesBooking" time="3.891"/>
</testsuite> <!-- TestCases.testAPI -->
