<?xml version="1.0" encoding="UTF-8"?>
<!-- Generated by org.testng.reporters.JUnitReportReporter -->
<testsuite hostname="LAPTOP-06DBEO4I" failures="0" tests="1" name="TestCases.testFORM" time="2.812" errors="0" timestamp="13 Oct 2021 18:56:55 GMT" skipped="0">
  <testcase classname="TestCases.testFORM" name="sendForm" time="2.812"/>
</testsuite> <!-- TestCases.testFORM -->
